<?xml version="1.0" encoding="UTF-8"?>
<!-- Generated by org.testng.reporters.JUnitReportReporter -->
<testsuite skipped="0" hostname="DESKTOP-231CSK6" name="org.test.Testng" tests="1" failures="0" timestamp="16 Nov 2020 05:45:49 GMT" time="0.011" errors="0">
  <testcase name="maintest" time="0.011" classname="org.test.Testng"/>
</testsuite> <!-- org.test.Testng -->
